<?xml version="1.0" encoding="UTF-8"?>
<!-- Generated by org.testng.reporters.JUnitReportReporter -->
<testsuite skipped="0" hostname="DESKTOP-3DE3ISK" name="Keyworddrivendemos.keywordprodsearchTest" tests="1" failures="0" timestamp="2020-09-16T16:29:27 PDT" time="1.333" errors="0">
  <testcase name="SampleTest" time="1.333" classname="Keyworddrivendemos.keywordprodsearchTest"/>
  <system-out/>
</testsuite> <!-- Keyworddrivendemos.keywordprodsearchTest -->
