<?xml version="1.0" encoding="UTF-8"?>
<!-- Generated by org.testng.reporters.JUnitReportReporter -->
<testsuite skipped="0" hostname="DESKTOP-3DE3ISK" name="mypractice.myTest1" tests="1" failures="0" timestamp="2020-09-15T16:25:47 PDT" time="24.941" errors="0">
  <testcase name="Search" time="24.941" classname="mypractice.myTest1"/>
  <system-out/>
</testsuite> <!-- mypractice.myTest1 -->
