<?xml version="1.0" encoding="UTF-8"?>
<!-- Generated by org.testng.reporters.JUnitReportReporter -->
<testsuite skipped="0" hostname="DESKTOP-3DE3ISK" name="pomTest.prodcatsearchTest" tests="1" failures="0" timestamp="2020-09-15T22:04:02 PDT" time="32.852" errors="0">
  <testcase name="f" time="32.852" classname="pomTest.prodcatsearchTest"/>
  <system-out>
Ebay searched is successfull  </system-out>
</testsuite> <!-- pomTest.prodcatsearchTest -->
