<?xml version="1.0" encoding="UTF-8"?>
<!-- Generated by org.testng.reporters.JUnitReportReporter -->
<testsuite skipped="0" hostname="DESKTOP-3DE3ISK" name="pomTest.prodsearchTest" tests="1" failures="0" timestamp="2020-09-15T21:58:39 PDT" time="17.044" errors="0">
  <testcase name="f" time="17.044" classname="pomTest.prodsearchTest"/>
  <system-out>
Ebay searched is successfull  </system-out>
</testsuite> <!-- pomTest.prodsearchTest -->
