<?xml version="1.0" encoding="UTF-8"?>
<!-- Generated by org.testng.reporters.JUnitReportReporter -->
<testsuite skipped="0" hostname="DESKTOP-3DE3ISK" name="HybridFramework.hybridprodSearchTest" tests="2" failures="0" timestamp="2020-09-16T13:47:48 PDT" time="72.626" errors="0">
  <testcase name="Search" time="27.527" classname="HybridFramework.hybridprodSearchTest"/>
  <system-out/>
  <testcase name="Search" time="45.099" classname="HybridFramework.hybridprodSearchTest"/>
  <system-out/>
</testsuite> <!-- HybridFramework.hybridprodSearchTest -->
