<?xml version="1.0" encoding="UTF-8"?>
<!-- Generated by org.testng.reporters.JUnitReportReporter -->
<testsuite skipped="0" hostname="DESKTOP-3DE3ISK" name="DDFTest.ddfprodsearchTest" tests="2" failures="0" timestamp="2020-09-16T13:14:13 PDT" time="289.932" errors="0">
  <testcase name="Search" time="94.716" classname="DDFTest.ddfprodsearchTest"/>
  <system-out>
Ebay searched is successfull  </system-out>
  <testcase name="Search" time="195.216" classname="DDFTest.ddfprodsearchTest"/>
  <system-out>
Ebay searched is successfull  </system-out>
</testsuite> <!-- DDFTest.ddfprodsearchTest -->
