<?xml version="1.0" encoding="UTF-8"?>
<!-- Generated by org.testng.reporters.JUnitReportReporter -->
<testsuite skipped="0" hostname="DESKTOP-3DE3ISK" name="mypractice.myTest1" tests="1" failures="0" timestamp="2020-09-17T22:56:08 PDT" time="26.088" errors="0">
  <testcase name="Search" time="26.088" classname="mypractice.myTest1"/>
  <system-out>
Ebay searched is successfull  </system-out>
</testsuite> <!-- mypractice.myTest1 -->
